<?xml version="1.0" encoding="UTF-8"?>
<robot generator="Robot 3.1.2 (Python 3.7.7 on win32)" generated="20200527 11:13:04.361" rpa="false">
<suite id="s1" name="DDT-XLS" source="C:\Users\kajetanmellerowicz\PycharmProjects\RF2\Tests\Travel\DDT-XLS.robot">
<kw name="Start TestCase" library="common" type="setup">
<kw name="Set Selenium Implicit Wait" library="SeleniumLibrary">
<doc>Sets the implicit wait value used by Selenium.</doc>
<arguments>
<arg>3s</arg>
</arguments>
<status status="PASS" starttime="20200527 11:13:04.926" endtime="20200527 11:13:04.926"></status>
</kw>
<kw name="Open Browser" library="SeleniumLibrary">
<doc>Opens a new browser instance to the optional ``url``.</doc>
<arguments>
<arg>${url}</arg>
<arg>${browser}</arg>
</arguments>
<msg timestamp="20200527 11:13:04.926" level="INFO">Opening browser 'chrome' to base url 'https://www.saucedemo.com/'.</msg>
<status status="PASS" starttime="20200527 11:13:04.926" endtime="20200527 11:13:10.542"></status>
</kw>
<kw name="Maximize Browser Window" library="SeleniumLibrary">
<doc>Maximizes current browser window.</doc>
<status status="PASS" starttime="20200527 11:13:10.542" endtime="20200527 11:13:14.658"></status>
</kw>
<status status="PASS" starttime="20200527 11:13:04.925" endtime="20200527 11:13:14.658"></status>
</kw>
<test id="s1-t1" name="Verify Login Fails with Invalid Creds">
<kw name="Invalid Login Scenarios">
<arguments>
<arg>Epic sadface: Username is required</arg>
</arguments>
<kw name="Input Text" library="SeleniumLibrary">
<doc>Types the given ``text`` into the text field identified by ``locator``.</doc>
<arguments>
<arg>${txtbox_username}</arg>
<arg>${username}</arg>
</arguments>
<msg timestamp="20200527 11:13:14.660" level="INFO">Typing text '' into text field 'id:user-name'.</msg>
<status status="PASS" starttime="20200527 11:13:14.660" endtime="20200527 11:13:14.727"></status>
</kw>
<kw name="Input Text" library="SeleniumLibrary">
<doc>Types the given ``text`` into the text field identified by ``locator``.</doc>
<arguments>
<arg>${txtbox_password}</arg>
<arg>${password}</arg>
</arguments>
<msg timestamp="20200527 11:13:14.728" level="INFO">Typing text '' into text field 'id:password'.</msg>
<status status="PASS" starttime="20200527 11:13:14.727" endtime="20200527 11:13:14.784"></status>
</kw>
<kw name="Click Button" library="SeleniumLibrary">
<doc>Clicks the button identified by ``locator``.</doc>
<arguments>
<arg>${btn_login}</arg>
</arguments>
<msg timestamp="20200527 11:13:14.784" level="INFO">Clicking button 'xpath://*[@id="login_button_container"]/div/form/input[3]'.</msg>
<status status="PASS" starttime="20200527 11:13:14.784" endtime="20200527 11:13:14.841"></status>
</kw>
<kw name="Sleep" library="BuiltIn">
<doc>Pauses the test executed for the given time.</doc>
<arguments>
<arg>2s</arg>
</arguments>
<msg timestamp="20200527 11:13:16.844" level="INFO">Slept 2 seconds</msg>
<status status="PASS" starttime="20200527 11:13:14.841" endtime="20200527 11:13:16.844"></status>
</kw>
<kw name="Element Should Contain" library="SeleniumLibrary">
<doc>Verifies that element ``locator`` contains text ``expected``.</doc>
<arguments>
<arg>${txt_error}</arg>
<arg>${error_msg}</arg>
</arguments>
<msg timestamp="20200527 11:13:16.869" level="INFO">Element 'xpath://*[@id="login_button_container"]//h3' contains text 'Epic sadface: Username is required'.</msg>
<status status="PASS" starttime="20200527 11:13:16.844" endtime="20200527 11:13:16.869"></status>
</kw>
<status status="PASS" starttime="20200527 11:13:14.659" endtime="20200527 11:13:16.869"></status>
</kw>
<status status="PASS" starttime="20200527 11:13:14.659" endtime="20200527 11:13:16.869" critical="yes"></status>
</test>
<test id="s1-t2" name="Verify Login Fails with Invalid Creds">
<kw name="Invalid Login Scenarios">
<arguments>
<arg>standard_us</arg>
<arg>secret_sauce</arg>
<arg>Epic sadface: Username and password do not match any user in this service</arg>
</arguments>
<kw name="Input Text" library="SeleniumLibrary">
<doc>Types the given ``text`` into the text field identified by ``locator``.</doc>
<arguments>
<arg>${txtbox_username}</arg>
<arg>${username}</arg>
</arguments>
<msg timestamp="20200527 11:13:16.873" level="INFO">Typing text 'standard_us' into text field 'id:user-name'.</msg>
<status status="PASS" starttime="20200527 11:13:16.872" endtime="20200527 11:13:16.944"></status>
</kw>
<kw name="Input Text" library="SeleniumLibrary">
<doc>Types the given ``text`` into the text field identified by ``locator``.</doc>
<arguments>
<arg>${txtbox_password}</arg>
<arg>${password}</arg>
</arguments>
<msg timestamp="20200527 11:13:16.944" level="INFO">Typing text 'secret_sauce' into text field 'id:password'.</msg>
<status status="PASS" starttime="20200527 11:13:16.944" endtime="20200527 11:13:17.009"></status>
</kw>
<kw name="Click Button" library="SeleniumLibrary">
<doc>Clicks the button identified by ``locator``.</doc>
<arguments>
<arg>${btn_login}</arg>
</arguments>
<msg timestamp="20200527 11:13:17.009" level="INFO">Clicking button 'xpath://*[@id="login_button_container"]/div/form/input[3]'.</msg>
<status status="PASS" starttime="20200527 11:13:17.009" endtime="20200527 11:13:17.034"></status>
</kw>
<kw name="Sleep" library="BuiltIn">
<doc>Pauses the test executed for the given time.</doc>
<arguments>
<arg>2s</arg>
</arguments>
<msg timestamp="20200527 11:13:19.036" level="INFO">Slept 2 seconds</msg>
<status status="PASS" starttime="20200527 11:13:17.035" endtime="20200527 11:13:19.037"></status>
</kw>
<kw name="Element Should Contain" library="SeleniumLibrary">
<doc>Verifies that element ``locator`` contains text ``expected``.</doc>
<arguments>
<arg>${txt_error}</arg>
<arg>${error_msg}</arg>
</arguments>
<msg timestamp="20200527 11:13:19.060" level="INFO">Element 'xpath://*[@id="login_button_container"]//h3' contains text 'Epic sadface: Username and password do not match any user in this service'.</msg>
<status status="PASS" starttime="20200527 11:13:19.037" endtime="20200527 11:13:19.060"></status>
</kw>
<status status="PASS" starttime="20200527 11:13:16.872" endtime="20200527 11:13:19.060"></status>
</kw>
<status status="PASS" starttime="20200527 11:13:16.871" endtime="20200527 11:13:19.061" critical="yes"></status>
</test>
<test id="s1-t3" name="Verify Login Fails with Invalid Creds">
<kw name="Invalid Login Scenarios">
<arguments>
<arg>locked_out_user</arg>
<arg>secret_sauce</arg>
<arg>Epic sadface: Sorry, this user has been locked out.</arg>
</arguments>
<kw name="Input Text" library="SeleniumLibrary">
<doc>Types the given ``text`` into the text field identified by ``locator``.</doc>
<arguments>
<arg>${txtbox_username}</arg>
<arg>${username}</arg>
</arguments>
<msg timestamp="20200527 11:13:19.063" level="INFO">Typing text 'locked_out_user' into text field 'id:user-name'.</msg>
<status status="PASS" starttime="20200527 11:13:19.063" endtime="20200527 11:13:19.140"></status>
</kw>
<kw name="Input Text" library="SeleniumLibrary">
<doc>Types the given ``text`` into the text field identified by ``locator``.</doc>
<arguments>
<arg>${txtbox_password}</arg>
<arg>${password}</arg>
</arguments>
<msg timestamp="20200527 11:13:19.140" level="INFO">Typing text 'secret_sauce' into text field 'id:password'.</msg>
<status status="PASS" starttime="20200527 11:13:19.140" endtime="20200527 11:13:19.211"></status>
</kw>
<kw name="Click Button" library="SeleniumLibrary">
<doc>Clicks the button identified by ``locator``.</doc>
<arguments>
<arg>${btn_login}</arg>
</arguments>
<msg timestamp="20200527 11:13:19.211" level="INFO">Clicking button 'xpath://*[@id="login_button_container"]/div/form/input[3]'.</msg>
<status status="PASS" starttime="20200527 11:13:19.211" endtime="20200527 11:13:19.241"></status>
</kw>
<kw name="Sleep" library="BuiltIn">
<doc>Pauses the test executed for the given time.</doc>
<arguments>
<arg>2s</arg>
</arguments>
<msg timestamp="20200527 11:13:21.243" level="INFO">Slept 2 seconds</msg>
<status status="PASS" starttime="20200527 11:13:19.241" endtime="20200527 11:13:21.243"></status>
</kw>
<kw name="Element Should Contain" library="SeleniumLibrary">
<doc>Verifies that element ``locator`` contains text ``expected``.</doc>
<arguments>
<arg>${txt_error}</arg>
<arg>${error_msg}</arg>
</arguments>
<msg timestamp="20200527 11:13:21.284" level="INFO">Element 'xpath://*[@id="login_button_container"]//h3' contains text 'Epic sadface: Sorry, this user has been locked out.'.</msg>
<status status="PASS" starttime="20200527 11:13:21.244" endtime="20200527 11:13:21.284"></status>
</kw>
<status status="PASS" starttime="20200527 11:13:19.063" endtime="20200527 11:13:21.284"></status>
</kw>
<status status="PASS" starttime="20200527 11:13:19.063" endtime="20200527 11:13:21.285" critical="yes"></status>
</test>
<test id="s1-t4" name="Verify Login Fails with Invalid Creds">
<kw name="Invalid Login Scenarios">
<arguments>
<arg>standard_user</arg>
<arg>secret_s</arg>
<arg>Epic sadface: Username and password do not match any user in this service</arg>
</arguments>
<kw name="Input Text" library="SeleniumLibrary">
<doc>Types the given ``text`` into the text field identified by ``locator``.</doc>
<arguments>
<arg>${txtbox_username}</arg>
<arg>${username}</arg>
</arguments>
<msg timestamp="20200527 11:13:21.289" level="INFO">Typing text 'standard_user' into text field 'id:user-name'.</msg>
<status status="PASS" starttime="20200527 11:13:21.289" endtime="20200527 11:13:21.359"></status>
</kw>
<kw name="Input Text" library="SeleniumLibrary">
<doc>Types the given ``text`` into the text field identified by ``locator``.</doc>
<arguments>
<arg>${txtbox_password}</arg>
<arg>${password}</arg>
</arguments>
<msg timestamp="20200527 11:13:21.360" level="INFO">Typing text 'secret_s' into text field 'id:password'.</msg>
<status status="PASS" starttime="20200527 11:13:21.359" endtime="20200527 11:13:21.417"></status>
</kw>
<kw name="Click Button" library="SeleniumLibrary">
<doc>Clicks the button identified by ``locator``.</doc>
<arguments>
<arg>${btn_login}</arg>
</arguments>
<msg timestamp="20200527 11:13:21.418" level="INFO">Clicking button 'xpath://*[@id="login_button_container"]/div/form/input[3]'.</msg>
<status status="PASS" starttime="20200527 11:13:21.417" endtime="20200527 11:13:21.444"></status>
</kw>
<kw name="Sleep" library="BuiltIn">
<doc>Pauses the test executed for the given time.</doc>
<arguments>
<arg>2s</arg>
</arguments>
<msg timestamp="20200527 11:13:23.444" level="INFO">Slept 2 seconds</msg>
<status status="PASS" starttime="20200527 11:13:21.444" endtime="20200527 11:13:23.444"></status>
</kw>
<kw name="Element Should Contain" library="SeleniumLibrary">
<doc>Verifies that element ``locator`` contains text ``expected``.</doc>
<arguments>
<arg>${txt_error}</arg>
<arg>${error_msg}</arg>
</arguments>
<msg timestamp="20200527 11:13:23.488" level="INFO">Element 'xpath://*[@id="login_button_container"]//h3' contains text 'Epic sadface: Username and password do not match any user in this service'.</msg>
<status status="PASS" starttime="20200527 11:13:23.445" endtime="20200527 11:13:23.488"></status>
</kw>
<status status="PASS" starttime="20200527 11:13:21.289" endtime="20200527 11:13:23.488"></status>
</kw>
<status status="PASS" starttime="20200527 11:13:21.288" endtime="20200527 11:13:23.490" critical="yes"></status>
</test>
<test id="s1-t5" name="Verify Login Fails with Invalid Creds">
<kw name="Invalid Login Scenarios">
<arguments>
<arg>standard_us</arg>
<arg>secret_s</arg>
<arg>Epic sadface: Username and password do not match any user in this service</arg>
</arguments>
<kw name="Input Text" library="SeleniumLibrary">
<doc>Types the given ``text`` into the text field identified by ``locator``.</doc>
<arguments>
<arg>${txtbox_username}</arg>
<arg>${username}</arg>
</arguments>
<msg timestamp="20200527 11:13:23.493" level="INFO">Typing text 'standard_us' into text field 'id:user-name'.</msg>
<status status="PASS" starttime="20200527 11:13:23.493" endtime="20200527 11:13:23.559"></status>
</kw>
<kw name="Input Text" library="SeleniumLibrary">
<doc>Types the given ``text`` into the text field identified by ``locator``.</doc>
<arguments>
<arg>${txtbox_password}</arg>
<arg>${password}</arg>
</arguments>
<msg timestamp="20200527 11:13:23.560" level="INFO">Typing text 'secret_s' into text field 'id:password'.</msg>
<status status="PASS" starttime="20200527 11:13:23.560" endtime="20200527 11:13:23.619"></status>
</kw>
<kw name="Click Button" library="SeleniumLibrary">
<doc>Clicks the button identified by ``locator``.</doc>
<arguments>
<arg>${btn_login}</arg>
</arguments>
<msg timestamp="20200527 11:13:23.619" level="INFO">Clicking button 'xpath://*[@id="login_button_container"]/div/form/input[3]'.</msg>
<status status="PASS" starttime="20200527 11:13:23.619" endtime="20200527 11:13:23.651"></status>
</kw>
<kw name="Sleep" library="BuiltIn">
<doc>Pauses the test executed for the given time.</doc>
<arguments>
<arg>2s</arg>
</arguments>
<msg timestamp="20200527 11:13:25.652" level="INFO">Slept 2 seconds</msg>
<status status="PASS" starttime="20200527 11:13:23.651" endtime="20200527 11:13:25.652"></status>
</kw>
<kw name="Element Should Contain" library="SeleniumLibrary">
<doc>Verifies that element ``locator`` contains text ``expected``.</doc>
<arguments>
<arg>${txt_error}</arg>
<arg>${error_msg}</arg>
</arguments>
<msg timestamp="20200527 11:13:25.676" level="INFO">Element 'xpath://*[@id="login_button_container"]//h3' contains text 'Epic sadface: Username and password do not match any user in this service'.</msg>
<status status="PASS" starttime="20200527 11:13:25.653" endtime="20200527 11:13:25.676"></status>
</kw>
<status status="PASS" starttime="20200527 11:13:23.492" endtime="20200527 11:13:25.676"></status>
</kw>
<status status="PASS" starttime="20200527 11:13:23.492" endtime="20200527 11:13:25.677" critical="yes"></status>
</test>
<kw name="Finish TestCase" library="common" type="teardown">
<kw name="Close Browser" library="SeleniumLibrary">
<doc>Closes the current browser.</doc>
<status status="PASS" starttime="20200527 11:13:25.679" endtime="20200527 11:13:27.770"></status>
</kw>
<status status="PASS" starttime="20200527 11:13:25.679" endtime="20200527 11:13:27.770"></status>
</kw>
<status status="PASS" starttime="20200527 11:13:04.362" endtime="20200527 11:13:27.770"></status>
</suite>
<statistics>
<total>
<stat pass="5" fail="0">Critical Tests</stat>
<stat pass="5" fail="0">All Tests</stat>
</total>
<tag>
</tag>
<suite>
<stat pass="5" fail="0" id="s1" name="DDT-XLS">DDT-XLS</stat>
</suite>
</statistics>
<errors>
<msg timestamp="20200527 11:13:16.871" level="WARN">Multiple test cases with name 'Verify Login Fails with Invalid Creds' executed in test suite 'DDT-XLS'.</msg>
<msg timestamp="20200527 11:13:19.062" level="WARN">Multiple test cases with name 'Verify Login Fails with Invalid Creds' executed in test suite 'DDT-XLS'.</msg>
<msg timestamp="20200527 11:13:21.287" level="WARN">Multiple test cases with name 'Verify Login Fails with Invalid Creds' executed in test suite 'DDT-XLS'.</msg>
<msg timestamp="20200527 11:13:23.491" level="WARN">Multiple test cases with name 'Verify Login Fails with Invalid Creds' executed in test suite 'DDT-XLS'.</msg>
</errors>
</robot>
